2021-09-19 11:25:07,172 - main_class.main_class - WARNING - Note added
2021-09-19 11:30:16,379 - main_class.main_class - INFO - Note added
2021-09-19 11:30:16,379 - main_class.main_class - WARNING - Note added
2021-09-19 11:39:00,274 - main_class.main_class - INFO - Note added
2021-09-19 11:39:00,274 - main_class.main_class - WARNING - Note added
2021-09-19 11:49:25,655 - logs.logs - INFO - Note removed
2021-09-19 11:51:44,380 - logs.logs - INFO - Note added
2021-09-19 12:45:58,562 - logs.logs - INFO - Note added
2021-09-19 12:46:43,769 - logs.logs - WARNING - Note added
2021-09-19 12:48:54,011 - my_new_logger - INFO - Note added
2021-09-19 12:48:54,011 - my_new_logger - WARNING - Note added
2021-09-19 12:50:22,705 - logs.logs_xxx - INFO - Note added
2021-09-19 12:50:22,705 - logs.logs_xxx - WARNING - Note added
2021-09-19 12:51:12,554 - logs.logs_xxx - WARNING - Note added
2021-09-19 13:05:06,258 - logs.main_logs - INFO - Note added
2021-09-19 13:05:06,259 - logs.main_logs - WARNING - Note added
2021-09-19 13:05:46,204 - logs.main_logs - WARNING - Note added
2021-09-19 13:06:56,530 - logs.main_logs - INFO - Note added
2021-09-19 13:08:37,487 - logs.main_logs - INFO - Note added
2021-09-19 13:13:55,605 - root - INFO - Note added
2021-09-19 13:26:10,725 - my_new_logger - INFO - Note added
2021-09-19 13:35:35,888 - root - INFO - Note added
2021-09-19 13:36:17,909 - root - INFO - Note added
2021-09-19 13:46:22,457 - my_new_logger - INFO - Note added
2021-09-19 13:52:06,880 - logs.main_logs - INFO - Note added
2021-09-19 14:31:31,458 - logs.main_logs - INFO - Note added
2021-09-19 14:32:00,888 - logs.main_logs - WARNING - Notes removed
